=== INICIO BACKUP LOCATIONS TAXONOMY ===
Fecha: 2025-10-23 04:05:34

✓ Encontrados 20 packages con taxonomía locations

✓ Package #1305 (Machu Picchu Full Day Tour): 2 términos → Cusco, Machu Picchu
✓ Package #1312 (Rainbow Mountain (Vinicunca) Trek): 2 términos → Cusco, Vinicunca
✓ Package #1318 (Sacred Valley Full Day Tour): 4 términos → Sacred Valley, Pisac, Ollantaytambo, Chinchero
✓ Package #1325 (Humantay Lake Full Day Trek): 3 términos → Cusco, Mollepata, Humantay
✓ Package #1332 (Cusco City Tour - Half Day): 2 términos → Cusco, Sacsayhuaman
✓ Package #1340 (Maras & Moray Half Day Tour): 3 términos → Sacred Valley, Maras, Moray
✓ Package #1348 (South Valley Tour - Tipon, Pikillacta & ): 4 términos → Cusco, Tipon, Pikillacta, Andahuaylillas
✓ Package #1354 (Lake Titicaca Day Trip - Uros & Taquile ): 4 términos → Puno, Lake Titicaca, Uros, Taquile
✓ Package #1361 (Inca Trail 4 Days Trek to Machu Picchu): 3 términos → Cusco, Machu Picchu, Inca Trail
✓ Package #1367 (Salkantay Trek 5 Days to Machu Picchu): 4 términos → Cusco, Machu Picchu, Salkantay, Santa Teresa
✓ Package #1374 (Ausangate Trek 6 Days - Rainbow Mountain): 3 términos → Cusco, Vinicunca, Ausangate
✓ Package #1381 (Lares Trek 4 Days to Machu Picchu): 3 términos → Cusco, Machu Picchu, Lares
✓ Package #1389 (Choquequirao Trek 4 Days - Sister of Mac): 3 términos → Cusco, Choquequirao, Apurimac
✓ Package #1397 (Short Inca Trail 2 Days to Machu Picchu): 3 términos → Cusco, Machu Picchu, Inca Trail
✓ Package #1403 (White Water Rafting Urubamba River - Ful): 2 términos → Sacred Valley, Urubamba
✓ Package #1409 (Mountain Biking Sacred Valley - Downhill): 2 términos → Sacred Valley, Abra Málaga
✓ Package #1417 (Zip-lining & Via Ferrata Sacred Valley A): 2 términos → Sacred Valley, Pachar
✓ Package #1424 (Cusco & Machu Picchu 3 Days - Express Pa): 3 términos → Cusco, Machu Picchu, Sacred Valley
✓ Package #1431 (Sacred Valley & Machu Picchu 2 Days Tour): 3 términos → Machu Picchu, Sacred Valley, Aguas Calientes
✓ Package #1437 (Amazon Jungle Tour 3 Days - Manu Rainfor): 3 términos → Cusco, Manu, Amazon

=== RESUMEN ===
Total packages procesados: 20
Backups exitosos: 20
Errores: 0

=== FIN BACKUP ===